<?xml version="1.0" encoding="UTF-8"?>
<testng-results ignored="0" total="1" passed="1" failed="0" skipped="0">
  <reporter-output>
    <line>
      <![CDATA[openBrowser]]>
    </line>
    <line>
      <![CDATA[login]]>
    </line>
    <line>
      <![CDATA[LogOut]]>
    </line>
    <line>
      <![CDATA[closeBrowser]]>
    </line>
  </reporter-output>
  <suite started-at="2023-05-16T00:08:36 IST" name="Default suite" finished-at="2023-05-16T00:09:03 IST" duration-ms="27042">
    <groups>
    </groups>
    <test started-at="2023-05-16T00:08:36 IST" name="Default test" finished-at="2023-05-16T00:09:03 IST" duration-ms="27042">
      <class name="com.actitime.Testscript.ReportTab">
        <test-method is-config="true" signature="openBrowser()[pri:0, instance:com.actitime.Testscript.ReportTab@28eaa59a]" started-at="2023-05-16T00:08:36 IST" name="openBrowser" finished-at="2023-05-16T00:08:38 IST" duration-ms="2132" status="PASS">
          <reporter-output>
            <line>
              <![CDATA[openBrowser]]>
            </line>
          </reporter-output>
        </test-method> <!-- openBrowser -->
        <test-method is-config="true" signature="login()[pri:0, instance:com.actitime.Testscript.ReportTab@28eaa59a]" started-at="2023-05-16T00:08:38 IST" name="login" finished-at="2023-05-16T00:08:46 IST" duration-ms="7870" status="PASS">
          <reporter-output>
            <line>
              <![CDATA[login]]>
            </line>
          </reporter-output>
        </test-method> <!-- login -->
        <test-method signature="customerReport()[pri:0, instance:com.actitime.Testscript.ReportTab@28eaa59a]" started-at="2023-05-16T00:08:46 IST" name="customerReport" finished-at="2023-05-16T00:09:01 IST" duration-ms="14546" status="PASS">
          <reporter-output>
          </reporter-output>
        </test-method> <!-- customerReport -->
        <test-method is-config="true" signature="logOut()[pri:0, instance:com.actitime.Testscript.ReportTab@28eaa59a]" started-at="2023-05-16T00:09:01 IST" name="logOut" finished-at="2023-05-16T00:09:03 IST" duration-ms="2251" status="PASS">
          <reporter-output>
            <line>
              <![CDATA[LogOut]]>
            </line>
          </reporter-output>
        </test-method> <!-- logOut -->
        <test-method is-config="true" signature="closeBrowser()[pri:0, instance:com.actitime.Testscript.ReportTab@28eaa59a]" started-at="2023-05-16T00:09:03 IST" name="closeBrowser" finished-at="2023-05-16T00:09:03 IST" duration-ms="189" status="PASS">
          <reporter-output>
            <line>
              <![CDATA[closeBrowser]]>
            </line>
          </reporter-output>
        </test-method> <!-- closeBrowser -->
      </class> <!-- com.actitime.Testscript.ReportTab -->
    </test> <!-- Default test -->
  </suite> <!-- Default suite -->
</testng-results>
